<?xml version="1.0" encoding="UTF-8"?>
<!-- Generated by org.testng.reporters.JUnitReportReporter -->
<testsuite skipped="0" hostname="DESKTOP-AICACJ7" name="DemoTestNG.NewTest" tests="2" failures="0" timestamp="14 Jul 2017 06:50:13 GMT" time="4.155" errors="0">
  <testcase name="title" time="1.374" classname="DemoTestNG.NewTest"/>
  <testcase name="login" time="2.781" classname="DemoTestNG.NewTest"/>
</testsuite> <!-- DemoTestNG.NewTest -->
